ERROR:root:LDAP error for ds: invalid server address
WARNING:root:Access denied for ds.
ERROR:root:LDAP error for ds: invalid server address
WARNING:root:Access denied for ds.
ERROR:root:LDAP error for ds: invalid server address
WARNING:root:Access denied for ds.
INFO:root:LDAP bind successful for ds.
ERROR:root:LDAP error for ds: unsupported hash type MD4
WARNING:root:Access denied for ds.
ERROR:root:LDAP error for ds: unsupported hash type MD4
WARNING:root:Access denied for ds.
ERROR:root:LDAP error for ds: unsupported hash type MD4
WARNING:root:Access denied for ds.
ERROR:root:LDAP error for ds: unsupported hash type MD4
WARNING:root:Access denied for ds.
ERROR:root:LDAP error for ds: unsupported hash type MD4
WARNING:root:Access denied for ds.
ERROR:root:LDAP error for ds: invalid server address
WARNING:root:Access denied for ds.
ERROR:root:LDAP error for ds: unsupported hash type MD4
WARNING:root:Access denied for ds.
ERROR:root:LDAP error for ds: automatic bind not successful - invalidCredentials
WARNING:root:Access denied for ds.
ERROR:root:LDAP error for ds: name 'SIMPLE' is not defined
WARNING:root:Access denied for ds.
ERROR:root:LDAP error for ds: invalid server address
WARNING:root:Access denied for ds.
ERROR:root:LDAP error for ds: unsupported hash type MD4
WARNING:root:Access denied for ds.
ERROR:root:LDAP error for ds: unsupported hash type MD4
WARNING:root:Access denied for ds.
ERROR:root:LDAP error for ds: unsupported hash type MD4
WARNING:root:Access denied for ds.
ERROR:root:LDAP error for ds: automatic bind not successful - invalidCredentials
WARNING:root:Access denied for ds.
ERROR:root:LDAP error for ds: requested SASL mechanism not supported
WARNING:root:Access denied for ds.
ERROR:root:LDAP error for ds: user name not allowed in anonymous bind
WARNING:root:Access denied for ds.
ERROR:root:LDAP error for ds: unsupported hash type MD4
WARNING:root:Access denied for ds.
INFO:root:LDAP bind successful for ds.
INFO:root:LDAP bind successful for ds.
